<?xml version="1.0" encoding="UTF-8"?>
<!-- Generated by org.testng.reporters.JUnitReportReporter -->
<testsuite skipped="0" hostname="DESKTOP-I4MRD09" name="com.dol.complychain.testcases.ANDROID.AndroidTest1" tests="1" failures="0" timestamp="08 Mar 2019 01:39:34 GMT" time="50.804" errors="0">
  <testcase name="androidTest1" time="50.804" classname="com.dol.complychain.testcases.ANDROID.AndroidTest1"/>
</testsuite> <!-- com.dol.complychain.testcases.ANDROID.AndroidTest1 -->
