<?xml version="1.0" encoding="UTF-8"?>
<!-- Generated by org.testng.reporters.JUnitReportReporter -->
<testsuite skipped="0" hostname="W7M-137776" name="com.framework.testcases.IOS.IOSTest1" tests="1" failures="0" timestamp="26 Feb 2019 14:44:40 GMT" time="136.761" errors="0">
  <testcase name="iOSTest1" time="136.761" classname="com.framework.testcases.IOS.IOSTest1"/>
</testsuite> <!-- com.framework.testcases.IOS.IOSTest1 -->
