<?xml version="1.0" encoding="UTF-8"?>
<!-- Generated by org.testng.reporters.JUnitReportReporter -->
<testsuite skipped="0" hostname="DESKTOP-I4MRD09" name="com.dol.complychain.testcases.WEB.DOL_CC_HP_TC_001" tests="3" failures="0" timestamp="13 Mar 2019 00:08:43 GMT" time="36.674" errors="0">
  <testcase name="HomePageVerification_English" time="11.082" classname="com.dol.complychain.testcases.WEB.DOL_CC_HP_TC_001"/>
  <testcase name="HomePageVerification_Español" time="12.239" classname="com.dol.complychain.testcases.WEB.DOL_CC_HP_TC_001"/>
  <testcase name="HomePageVerification_Français" time="13.353" classname="com.dol.complychain.testcases.WEB.DOL_CC_HP_TC_001"/>
</testsuite> <!-- com.dol.complychain.testcases.WEB.DOL_CC_HP_TC_001 -->
