<?xml version="1.0" encoding="UTF-8"?>
<!-- Generated by org.testng.reporters.JUnitReportReporter -->
<testsuite skipped="0" hostname="DESKTOP-I4MRD09" name="com.dol.complychain.testcases.WEB.DOL_CC_EN_TC_001" tests="1" failures="0" timestamp="07 Mar 2019 01:41:23 GMT" time="12.546" errors="0">
  <testcase name="menuVerification" time="12.546" classname="com.dol.complychain.testcases.WEB.DOL_CC_EN_TC_001"/>
</testsuite> <!-- com.dol.complychain.testcases.WEB.DOL_CC_EN_TC_001 -->
