<?xml version="1.0" encoding="UTF-8"?>
<!-- Generated by org.testng.reporters.JUnitReportReporter -->
<testsuite skipped="0" hostname="W7M-137776" name="com.framework.testcases.IOS.Mercury_FindAllLinks" tests="1" failures="0" timestamp="23 Feb 2019 07:13:30 GMT" time="75.781" errors="0">
  <testcase name="mercury_FindAllLinks" time="75.781" classname="com.framework.testcases.IOS.Mercury_FindAllLinks"/>
</testsuite> <!-- com.framework.testcases.IOS.Mercury_FindAllLinks -->
