<?xml version="1.0" encoding="UTF-8"?>
<!-- Generated by org.testng.reporters.JUnitReportReporter -->
<testsuite skipped="0" hostname="DESKTOP-I4MRD09" name="com.dol.complychain.testcases.WEB.DOL_CC_HP_TC_004" tests="1" failures="0" timestamp="12 Mar 2019 16:19:22 GMT" time="11.850" errors="0">
  <testcase name="LanguagesVerification" time="11.850" classname="com.dol.complychain.testcases.WEB.DOL_CC_HP_TC_004"/>
</testsuite> <!-- com.dol.complychain.testcases.WEB.DOL_CC_HP_TC_004 -->
