<?xml version="1.0" encoding="UTF-8"?>
<!-- Generated by org.testng.reporters.JUnitReportReporter -->
<testsuite skipped="0" hostname="W7M-137776" name="com.framework.testcases.IOS.IOSTest2" tests="1" failures="0" timestamp="26 Feb 2019 14:44:40 GMT" time="170.024" errors="0">
  <testcase name="iOSTest2" time="170.024" classname="com.framework.testcases.IOS.IOSTest2"/>
</testsuite> <!-- com.framework.testcases.IOS.IOSTest2 -->
