<?xml version="1.0" encoding="UTF-8"?>
<!-- Generated by org.testng.reporters.JUnitReportReporter -->
<testsuite skipped="0" hostname="DESKTOP-I4MRD09" name="com.dol.complychain.testcases.WEB.DOL_CC_HP_TC_002" tests="3" failures="0" timestamp="12 Mar 2019 16:19:22 GMT" time="37.971" errors="0">
  <testcase name="MenuVerification_English" time="11.759" classname="com.dol.complychain.testcases.WEB.DOL_CC_HP_TC_002"/>
  <testcase name="MenuVerification_Español" time="12.903" classname="com.dol.complychain.testcases.WEB.DOL_CC_HP_TC_002"/>
  <testcase name="MenuVerification_Français" time="13.309" classname="com.dol.complychain.testcases.WEB.DOL_CC_HP_TC_002"/>
</testsuite> <!-- com.dol.complychain.testcases.WEB.DOL_CC_HP_TC_002 -->
