<?xml version="1.0" encoding="UTF-8"?>
<!-- Generated by org.testng.reporters.JUnitReportReporter -->
<testsuite skipped="0" hostname="W7M-137776" name="com.framework.testcases.WEB.Mercury_FlightReservation" tests="1" failures="0" timestamp="25 Feb 2019 17:19:57 GMT" time="33.486" errors="0">
  <testcase name="mercury_FlightReservation" time="33.486" classname="com.framework.testcases.WEB.Mercury_FlightReservation"/>
</testsuite> <!-- com.framework.testcases.WEB.Mercury_FlightReservation -->
