<?xml version="1.0" encoding="UTF-8"?>
<!-- Generated by org.testng.reporters.JUnitReportReporter -->
<testsuite skipped="0" hostname="DESKTOP-I4MRD09" name="com.dol.complychain.testcases.WEB.DOL_CC_TC_ISDMISSSTC_45" tests="1" failures="0" timestamp="09 Mar 2019 00:42:14 GMT" time="22.879" errors="0">
  <testcase name="menuVerification_English" time="22.879" classname="com.dol.complychain.testcases.WEB.DOL_CC_TC_ISDMISSSTC_45"/>
</testsuite> <!-- com.dol.complychain.testcases.WEB.DOL_CC_TC_ISDMISSSTC_45 -->
