<?xml version="1.0" encoding="UTF-8"?>
<!-- Generated by org.testng.reporters.JUnitReportReporter -->
<testsuite skipped="0" hostname="W7M-137776" name="com.framework.testcases.WEB.Mercury_FindAllLinks" tests="1" failures="0" timestamp="25 Feb 2019 17:19:57 GMT" time="13.652" errors="0">
  <testcase name="mercury_FindAllLinks" time="13.652" classname="com.framework.testcases.WEB.Mercury_FindAllLinks"/>
</testsuite> <!-- com.framework.testcases.WEB.Mercury_FindAllLinks -->
